<?xml version="1.0" encoding="UTF-8"?>
<testsuite xmlns:xsi="http://www.w3.org/2001/XMLSchema-instance" xsi:noNamespaceSchemaLocation="https://maven.apache.org/surefire/maven-failsafe-plugin/xsd/failsafe-test-report-3.0.xsd" version="3.0" name="TestSuite" time="20.387" tests="2" errors="0" skipped="0" failures="0">
  <properties>
[...]
</properties>
  <testcase name="runScenario[&quot;User access to facebook webpage 2&quot;, &quot;Optional[Demo Feature 1]&quot;](1)" classname="com.test.global.testrunner.AllTestNG" time="17.387">
    <system-out><![CDATA[
@defaultdriver @DEMO1
Scenario: User access to facebook webpage 1                                     # src/test/resources/common/example1.feature:5

@defaultdriver @DEMO1
Scenario: User access to facebook webpage 2                                     # src/test/resources/common/example1.feature:11
obs download path
obs download path
/Users/alanchan/IdeaProjects/test-automation/downloads
/Users/alanchan/IdeaProjects/test-automation/downloads
Screen Size: (1512, 944)
Screen Size: (1512, 944)
  Given I access to facebook webpage                                            # com.test.facebook.stepdef.LoginPage.accessFbPage()
  Given I access to facebook webpage                                            # com.test.facebook.stepdef.LoginPage.accessFbPage()

    Embedding screenshot [image/png 79208 bytes]


    Embedding screenshot [image/png 79208 bytes]

Finding element: By.xpath: //input[@id='email']
Finding element: By.xpath: //input[@id='email']
Finding element: By.xpath: //input[@id='email']
Finding element: By.xpath: //input[@id='email']
Finding element: By.xpath: //input[@id='pass']
Finding element: By.xpath: //input[@id='pass']
Finding element: By.xpath: //input[@id='pass']
Finding element: By.xpath: //input[@id='pass']
Finding element: By.xpath: //button[text()='Log In']
Finding element: By.xpath: //button[text()='Log In']
  When I enter my email "default" and password "default" on 面子书 and click login # com.test.facebook.stepdef.LoginPage.setCredentialAndSubmit(java.lang.String,java.lang.String)
  When I enter my email "default" and password "default" on 面子书 and click login # com.test.facebook.stepdef.LoginPage.setCredentialAndSubmit(java.lang.String,java.lang.String)

    Embedding screenshot [image/png 77091 bytes]

]]></system-out>
    <system-err><![CDATA[log4j:WARN No appenders could be found for logger (org.testng.TestNG).
log4j:WARN Please initialize the log4j system properly.
log4j:WARN See http://logging.apache.org/log4j/1.2/faq.html#noconfig for more info.
May 16, 2022 11:42:49 PM org.openqa.selenium.remote.tracing.opentelemetry.OpenTelemetryTracer createTracer
INFO: Using OpenTelemetry for tracing
May 16, 2022 11:42:51 PM org.openqa.selenium.remote.ProtocolHandshake createSession
INFO: Detected dialect: W3C
May 16, 2022 11:42:51 PM org.openqa.selenium.remote.ProtocolHandshake createSession
INFO: Detected dialect: W3C
]]></system-err>
  </testcase>
  <testcase name="runScenario[&quot;User access to facebook webpage 1&quot;, &quot;Optional[Demo Feature 1]&quot;](2)" classname="com.test.global.testrunner.AllTestNG" time="19.877">
    <system-out><![CDATA[
    Embedding screenshot [image/png 76947 bytes]

Finding element: By.xpath: //div[contains(text(),'The email address you entered')]
Expected Text: The email address you entered isn't connected to an account. Find your account and log in.
Actual Text: The email address you entered isn't connected to an account. Find your account and log in.
  Then I should able to see invalid email error message on 面子书                  # com.test.facebook.stepdef.LoginPage.verifyEmailErrorMsg1()

    Embedding screenshot [image/png 64126 bytes]

]]></system-out>
  </testcase>
</testsuite>