<?xml version="1.0" encoding="UTF-8"?>
<testng-results ignored="0" total="2" passed="2" failed="0" skipped="0">
  <reporter-output>
  </reporter-output>
  <suite started-at="2022-05-16T23:42:48 SGT" name="Parallel test suite" finished-at="2022-05-16T23:43:08 SGT" duration-ms="20159">
    <groups>
      <group name="cucumber">
        <method signature="AbstractTestNGCucumberTests.runScenario(io.cucumber.testng.PickleWrapper,io.cucumber.testng.FeatureWrapper)[pri:0, instance:com.test.global.testrunner.AllTestNG@1c93084c]" name="runScenario" class="io.cucumber.testng.AbstractTestNGCucumberTests"/>
      </group> <!-- cucumber -->
    </groups>
    <test started-at="2022-05-16T23:42:48 SGT" name="all" finished-at="2022-05-16T23:43:08 SGT" duration-ms="20159">
      <class name="com.test.global.testrunner.AllTestNG">
        <test-method is-config="true" signature="setUpClass(org.testng.ITestContext)[pri:0, instance:com.test.global.testrunner.AllTestNG@1c93084c]" started-at="2022-05-16T23:42:48 SGT" name="setUpClass" finished-at="2022-05-16T23:42:48 SGT" duration-ms="210" status="PASS">
          <params>
            <param index="0">
              <value>
                <![CDATA[org.testng.TestRunner@409bf450]]>
              </value>
            </param>
          </params>
          <reporter-output>
          </reporter-output>
        </test-method> <!-- setUpClass -->
        <test-method signature="runScenario(io.cucumber.testng.PickleWrapper,io.cucumber.testng.FeatureWrapper)[pri:0, instance:com.test.global.testrunner.AllTestNG@1c93084c]" started-at="2022-05-16T23:42:48 SGT" name="runScenario" description="Runs Cucumber Scenarios" data-provider="scenarios" finished-at="2022-05-16T23:43:08 SGT" duration-ms="19874" status="PASS">
          <params>
            <param index="0">
              <value>
                <![CDATA["User access to facebook webpage 1"]]>
              </value>
            </param>
            <param index="1">
              <value>
                <![CDATA["Optional[Demo Feature 1]"]]>
              </value>
            </param>
          </params>
          <reporter-output>
          </reporter-output>
        </test-method> <!-- runScenario -->
        <test-method signature="runScenario(io.cucumber.testng.PickleWrapper,io.cucumber.testng.FeatureWrapper)[pri:0, instance:com.test.global.testrunner.AllTestNG@1c93084c]" started-at="2022-05-16T23:42:48 SGT" name="runScenario" description="Runs Cucumber Scenarios" data-provider="scenarios" finished-at="2022-05-16T23:43:06 SGT" duration-ms="17350" status="PASS">
          <params>
            <param index="0">
              <value>
                <![CDATA["User access to facebook webpage 2"]]>
              </value>
            </param>
            <param index="1">
              <value>
                <![CDATA["Optional[Demo Feature 1]"]]>
              </value>
            </param>
          </params>
          <reporter-output>
          </reporter-output>
        </test-method> <!-- runScenario -->
        <test-method is-config="true" signature="tearDownClass()[pri:0, instance:com.test.global.testrunner.AllTestNG@1c93084c]" started-at="2022-05-16T23:43:08 SGT" name="tearDownClass" finished-at="2022-05-16T23:43:08 SGT" duration-ms="58" status="PASS">
          <reporter-output>
          </reporter-output>
        </test-method> <!-- tearDownClass -->
      </class> <!-- com.test.global.testrunner.AllTestNG -->
    </test> <!-- all -->
  </suite> <!-- Parallel test suite -->
</testng-results>
